This is pdfTeX, Version 3.141592653-2.6-1.40.22 (TeX Live 2021/TeX Live for SUSE Linux) (preloaded format=pdflatex 2023.10.17)  10 FEB 2024 07:12
entering extended mode
 \write18 enabled.
 %&-line parsing enabled.
**cfd_course_25.tex
(./cfd_course_25.tex
LaTeX2e <2020-10-01> patch level 4
L3 programming layer <2021-02-18> (/usr/share/texmf/tex/latex/base/article.cls
Document Class: article 2020/04/10 v1.4m Standard LaTeX document class
(/usr/share/texmf/tex/latex/base/size12.clo
File: size12.clo 2020/04/10 v1.4m Standard LaTeX file (size option)
)
\c@part=\count179
\c@section=\count180
\c@subsection=\count181
\c@subsubsection=\count182
\c@paragraph=\count183
\c@subparagraph=\count184
\c@figure=\count185
\c@table=\count186
\abovecaptionskip=\skip47
\belowcaptionskip=\skip48
\bibindent=\dimen138
)
(/usr/share/texmf/tex/latex/base/inputenc.sty
Package: inputenc 2020/08/01 v1.3d Input encoding file
\inpenc@prehook=\toks15
\inpenc@posthook=\toks16
)
(/usr/share/texmf/tex/latex/graphics/graphicx.sty
Package: graphicx 2020/09/09 v1.2b Enhanced LaTeX Graphics (DPC,SPQR)

(/usr/share/texmf/tex/latex/graphics/keyval.sty
Package: keyval 2014/10/28 v1.15 key=value parser (DPC)
\KV@toks@=\toks17
)
(/usr/share/texmf/tex/latex/graphics/graphics.sty
Package: graphics 2020/08/30 v1.4c Standard LaTeX Graphics (DPC,SPQR)

(/usr/share/texmf/tex/latex/graphics/trig.sty
Package: trig 2016/01/03 v1.10 sin cos tan (DPC)
)
(/usr/share/texmf/tex/latex/graphics-cfg/graphics.cfg
File: graphics.cfg 2016/06/04 v1.11 sample graphics configuration
)
Package graphics Info: Driver file: pdftex.def on input line 105.

(/usr/share/texmf/tex/latex/graphics-def/pdftex.def
File: pdftex.def 2020/10/05 v1.2a Graphics/color driver for pdftex
))
\Gin@req@height=\dimen139
\Gin@req@width=\dimen140
)
(/usr/share/texmf/tex/latex/float/float.sty
Package: float 2001/11/08 v1.3d Float enhancements (AL)
\c@float@type=\count187
\float@exts=\toks18
\float@box=\box47
\@float@everytoks=\toks19
\@floatcapt=\box48
)
(/usr/share/texmf/tex/latex/wrapfig/wrapfig.sty
\wrapoverhang=\dimen141
\WF@size=\dimen142
\c@WF@wrappedlines=\count188
\WF@box=\box49
\WF@everypar=\toks20
Package: wrapfig 2003/01/31  v 3.6
)
(/usr/share/texmf/tex/latex/amsmath/amsmath.sty
Package: amsmath 2020/09/23 v2.17i AMS math features
\@mathmargin=\skip49

For additional information on amsmath, use the `?' option.
(/usr/share/texmf/tex/latex/amsmath/amstext.sty
Package: amstext 2000/06/29 v2.01 AMS text

(/usr/share/texmf/tex/latex/amsmath/amsgen.sty
File: amsgen.sty 1999/11/30 v2.0 generic functions
\@emptytoks=\toks21
\ex@=\dimen143
))
(/usr/share/texmf/tex/latex/amsmath/amsbsy.sty
Package: amsbsy 1999/11/29 v1.2d Bold Symbols
\pmbraise@=\dimen144
)
(/usr/share/texmf/tex/latex/amsmath/amsopn.sty
Package: amsopn 2016/03/08 v2.02 operator names
)
\inf@bad=\count189
LaTeX Info: Redefining \frac on input line 234.
\uproot@=\count190
\leftroot@=\count191
LaTeX Info: Redefining \overline on input line 399.
\classnum@=\count192
\DOTSCASE@=\count193
LaTeX Info: Redefining \ldots on input line 496.
LaTeX Info: Redefining \dots on input line 499.
LaTeX Info: Redefining \cdots on input line 620.
\Mathstrutbox@=\box50
\strutbox@=\box51
\big@size=\dimen145
LaTeX Font Info:    Redeclaring font encoding OML on input line 743.
LaTeX Font Info:    Redeclaring font encoding OMS on input line 744.
\macc@depth=\count194
\c@MaxMatrixCols=\count195
\dotsspace@=\muskip16
\c@parentequation=\count196
\dspbrk@lvl=\count197
\tag@help=\toks22
\row@=\count198
\column@=\count199
\maxfields@=\count266
\andhelp@=\toks23
\eqnshift@=\dimen146
\alignsep@=\dimen147
\tagshift@=\dimen148
\tagwidth@=\dimen149
\totwidth@=\dimen150
\lineht@=\dimen151
\@envbody=\toks24
\multlinegap=\skip50
\multlinetaggap=\skip51
\mathdisplay@stack=\toks25
LaTeX Info: Redefining \[ on input line 2923.
LaTeX Info: Redefining \] on input line 2924.
)
(/usr/share/texmf/tex/latex/amsfonts/amssymb.sty
Package: amssymb 2013/01/14 v3.01 AMS font symbols

(/usr/share/texmf/tex/latex/amsfonts/amsfonts.sty
Package: amsfonts 2013/01/14 v3.01 Basic AMSFonts support
\symAMSa=\mathgroup4
\symAMSb=\mathgroup5
LaTeX Font Info:    Redeclaring math symbol \hbar on input line 98.
LaTeX Font Info:    Overwriting math alphabet `\mathfrak' in version `bold'
(Font)                  U/euf/m/n --> U/euf/b/n on input line 106.
))
(/usr/share/texmf/tex/latex/amscls/amsthm.sty
Package: amsthm 2020/05/29 v2.20.6
\thm@style=\toks26
\thm@bodyfont=\toks27
\thm@headfont=\toks28
\thm@notefont=\toks29
\thm@headpunct=\toks30
\thm@preskip=\skip52
\thm@postskip=\skip53
\thm@headsep=\skip54
\dth@everypar=\toks31
)
(/usr/share/texmf/tex/latex/base/fontenc.sty
Package: fontenc 2020/08/10 v2.0s Standard LaTeX package

(/usr/share/texmf/tex/latex/cyrillic/t2aenc.def
File: t2aenc.def 2005/09/27 v1.0i Cyrillic encoding definition file
Now handling font encoding T2A ...
... processing UTF-8 mapping file for font encoding T2A

(/usr/share/texmf/tex/latex/base/t2aenc.dfu
File: t2aenc.dfu 2019/11/14 v1.2k UTF-8 support for inputenc
   defining Unicode char U+00A4 (decimal 164)
   defining Unicode char U+00A7 (decimal 167)
   defining Unicode char U+00AB (decimal 171)
   defining Unicode char U+00BB (decimal 187)
   defining Unicode char U+0131 (decimal 305)
   defining Unicode char U+0237 (decimal 567)
   defining Unicode char U+0400 (decimal 1024)
   defining Unicode char U+0401 (decimal 1025)
   defining Unicode char U+0402 (decimal 1026)
   defining Unicode char U+0403 (decimal 1027)
   defining Unicode char U+0404 (decimal 1028)
   defining Unicode char U+0405 (decimal 1029)
   defining Unicode char U+0406 (decimal 1030)
   defining Unicode char U+0407 (decimal 1031)
   defining Unicode char U+0408 (decimal 1032)
   defining Unicode char U+0409 (decimal 1033)
   defining Unicode char U+040A (decimal 1034)
   defining Unicode char U+040B (decimal 1035)
   defining Unicode char U+040C (decimal 1036)
   defining Unicode char U+040D (decimal 1037)
   defining Unicode char U+040E (decimal 1038)
   defining Unicode char U+040F (decimal 1039)
   defining Unicode char U+0410 (decimal 1040)
   defining Unicode char U+0411 (decimal 1041)
   defining Unicode char U+0412 (decimal 1042)
   defining Unicode char U+0413 (decimal 1043)
   defining Unicode char U+0414 (decimal 1044)
   defining Unicode char U+0415 (decimal 1045)
   defining Unicode char U+0416 (decimal 1046)
   defining Unicode char U+0417 (decimal 1047)
   defining Unicode char U+0418 (decimal 1048)
   defining Unicode char U+0419 (decimal 1049)
   defining Unicode char U+041A (decimal 1050)
   defining Unicode char U+041B (decimal 1051)
   defining Unicode char U+041C (decimal 1052)
   defining Unicode char U+041D (decimal 1053)
   defining Unicode char U+041E (decimal 1054)
   defining Unicode char U+041F (decimal 1055)
   defining Unicode char U+0420 (decimal 1056)
   defining Unicode char U+0421 (decimal 1057)
   defining Unicode char U+0422 (decimal 1058)
   defining Unicode char U+0423 (decimal 1059)
   defining Unicode char U+0424 (decimal 1060)
   defining Unicode char U+0425 (decimal 1061)
   defining Unicode char U+0426 (decimal 1062)
   defining Unicode char U+0427 (decimal 1063)
   defining Unicode char U+0428 (decimal 1064)
   defining Unicode char U+0429 (decimal 1065)
   defining Unicode char U+042A (decimal 1066)
   defining Unicode char U+042B (decimal 1067)
   defining Unicode char U+042C (decimal 1068)
   defining Unicode char U+042D (decimal 1069)
   defining Unicode char U+042E (decimal 1070)
   defining Unicode char U+042F (decimal 1071)
   defining Unicode char U+0430 (decimal 1072)
   defining Unicode char U+0431 (decimal 1073)
   defining Unicode char U+0432 (decimal 1074)
   defining Unicode char U+0433 (decimal 1075)
   defining Unicode char U+0434 (decimal 1076)
   defining Unicode char U+0435 (decimal 1077)
   defining Unicode char U+0436 (decimal 1078)
   defining Unicode char U+0437 (decimal 1079)
   defining Unicode char U+0438 (decimal 1080)
   defining Unicode char U+0439 (decimal 1081)
   defining Unicode char U+043A (decimal 1082)
   defining Unicode char U+043B (decimal 1083)
   defining Unicode char U+043C (decimal 1084)
   defining Unicode char U+043D (decimal 1085)
   defining Unicode char U+043E (decimal 1086)
   defining Unicode char U+043F (decimal 1087)
   defining Unicode char U+0440 (decimal 1088)
   defining Unicode char U+0441 (decimal 1089)
   defining Unicode char U+0442 (decimal 1090)
   defining Unicode char U+0443 (decimal 1091)
   defining Unicode char U+0444 (decimal 1092)
   defining Unicode char U+0445 (decimal 1093)
   defining Unicode char U+0446 (decimal 1094)
   defining Unicode char U+0447 (decimal 1095)
   defining Unicode char U+0448 (decimal 1096)
   defining Unicode char U+0449 (decimal 1097)
   defining Unicode char U+044A (decimal 1098)
   defining Unicode char U+044B (decimal 1099)
   defining Unicode char U+044C (decimal 1100)
   defining Unicode char U+044D (decimal 1101)
   defining Unicode char U+044E (decimal 1102)
   defining Unicode char U+044F (decimal 1103)
   defining Unicode char U+0450 (decimal 1104)
   defining Unicode char U+0451 (decimal 1105)
   defining Unicode char U+0452 (decimal 1106)
   defining Unicode char U+0453 (decimal 1107)
   defining Unicode char U+0454 (decimal 1108)
   defining Unicode char U+0455 (decimal 1109)
   defining Unicode char U+0456 (decimal 1110)
   defining Unicode char U+0457 (decimal 1111)
   defining Unicode char U+0458 (decimal 1112)
   defining Unicode char U+0459 (decimal 1113)
   defining Unicode char U+045A (decimal 1114)
   defining Unicode char U+045B (decimal 1115)
   defining Unicode char U+045C (decimal 1116)
   defining Unicode char U+045D (decimal 1117)
   defining Unicode char U+045E (decimal 1118)
   defining Unicode char U+045F (decimal 1119)
   defining Unicode char U+0490 (decimal 1168)
   defining Unicode char U+0491 (decimal 1169)
   defining Unicode char U+0492 (decimal 1170)
   defining Unicode char U+0493 (decimal 1171)
   defining Unicode char U+0496 (decimal 1174)
   defining Unicode char U+0497 (decimal 1175)
   defining Unicode char U+0498 (decimal 1176)
   defining Unicode char U+0499 (decimal 1177)
   defining Unicode char U+049A (decimal 1178)
   defining Unicode char U+049B (decimal 1179)
   defining Unicode char U+049C (decimal 1180)
   defining Unicode char U+049D (decimal 1181)
   defining Unicode char U+04A0 (decimal 1184)
   defining Unicode char U+04A1 (decimal 1185)
   defining Unicode char U+04A2 (decimal 1186)
   defining Unicode char U+04A3 (decimal 1187)
   defining Unicode char U+04A4 (decimal 1188)
   defining Unicode char U+04A5 (decimal 1189)
   defining Unicode char U+04AA (decimal 1194)
   defining Unicode char U+04AB (decimal 1195)
   defining Unicode char U+04AE (decimal 1198)
   defining Unicode char U+04AF (decimal 1199)
   defining Unicode char U+04B0 (decimal 1200)
   defining Unicode char U+04B1 (decimal 1201)
   defining Unicode char U+04B2 (decimal 1202)
   defining Unicode char U+04B3 (decimal 1203)
   defining Unicode char U+04B6 (decimal 1206)
   defining Unicode char U+04B7 (decimal 1207)
   defining Unicode char U+04B8 (decimal 1208)
   defining Unicode char U+04B9 (decimal 1209)
   defining Unicode char U+04BA (decimal 1210)
   defining Unicode char U+04BB (decimal 1211)
   defining Unicode char U+04C0 (decimal 1216)
   defining Unicode char U+04C1 (decimal 1217)
   defining Unicode char U+04C2 (decimal 1218)
   defining Unicode char U+04D0 (decimal 1232)
   defining Unicode char U+04D1 (decimal 1233)
   defining Unicode char U+04D2 (decimal 1234)
   defining Unicode char U+04D3 (decimal 1235)
   defining Unicode char U+04D4 (decimal 1236)
   defining Unicode char U+04D5 (decimal 1237)
   defining Unicode char U+04D6 (decimal 1238)
   defining Unicode char U+04D7 (decimal 1239)
   defining Unicode char U+04D8 (decimal 1240)
   defining Unicode char U+04D9 (decimal 1241)
   defining Unicode char U+04DA (decimal 1242)
   defining Unicode char U+04DB (decimal 1243)
   defining Unicode char U+04DC (decimal 1244)
   defining Unicode char U+04DD (decimal 1245)
   defining Unicode char U+04DE (decimal 1246)
   defining Unicode char U+04DF (decimal 1247)
   defining Unicode char U+04E2 (decimal 1250)
   defining Unicode char U+04E3 (decimal 1251)
   defining Unicode char U+04E4 (decimal 1252)
   defining Unicode char U+04E5 (decimal 1253)
   defining Unicode char U+04E6 (decimal 1254)
   defining Unicode char U+04E7 (decimal 1255)
   defining Unicode char U+04E8 (decimal 1256)
   defining Unicode char U+04E9 (decimal 1257)
   defining Unicode char U+04EC (decimal 1260)
   defining Unicode char U+04ED (decimal 1261)
   defining Unicode char U+04EE (decimal 1262)
   defining Unicode char U+04EF (decimal 1263)
   defining Unicode char U+04F0 (decimal 1264)
   defining Unicode char U+04F1 (decimal 1265)
   defining Unicode char U+04F2 (decimal 1266)
   defining Unicode char U+04F3 (decimal 1267)
   defining Unicode char U+04F4 (decimal 1268)
   defining Unicode char U+04F5 (decimal 1269)
   defining Unicode char U+04F8 (decimal 1272)
   defining Unicode char U+04F9 (decimal 1273)
   defining Unicode char U+200C (decimal 8204)
   defining Unicode char U+2013 (decimal 8211)
   defining Unicode char U+2014 (decimal 8212)
   defining Unicode char U+2018 (decimal 8216)
   defining Unicode char U+2019 (decimal 8217)
   defining Unicode char U+201C (decimal 8220)
   defining Unicode char U+201D (decimal 8221)
   defining Unicode char U+201E (decimal 8222)
   defining Unicode char U+2030 (decimal 8240)
   defining Unicode char U+2031 (decimal 8241)
   defining Unicode char U+2116 (decimal 8470)
   defining Unicode char U+2329 (decimal 9001)
   defining Unicode char U+232A (decimal 9002)
   defining Unicode char U+2423 (decimal 9251)
   defining Unicode char U+27E8 (decimal 10216)
   defining Unicode char U+27E9 (decimal 10217)
   defining Unicode char U+FB00 (decimal 64256)
   defining Unicode char U+FB01 (decimal 64257)
   defining Unicode char U+FB02 (decimal 64258)
   defining Unicode char U+FB03 (decimal 64259)
   defining Unicode char U+FB04 (decimal 64260)
   defining Unicode char U+FB05 (decimal 64261)
   defining Unicode char U+FB06 (decimal 64262)
))
LaTeX Font Info:    Trying to load font information for T2A+cmr on input line 1
12.

(/usr/share/texmf/tex/latex/cyrillic/t2acmr.fd
File: t2acmr.fd 2001/08/11 v1.0a Computer Modern Cyrillic font definitions
))
(/usr/share/texmf/tex/generic/babel/babel.sty
Package: babel 2021/03/24 3.56 The Babel package

(/usr/share/texmf/tex/generic/babel/babel.def
File: babel.def 2021/03/24 3.56 Babel common definitions
\babel@savecnt=\count267
\U@D=\dimen152
\l@babelnohyphens=\language61

(/usr/share/texmf/tex/generic/babel/txtbabel.def)
\bbl@readstream=\read2
)
\bbl@dirlevel=\count268

(/usr/share/texmf/tex/generic/babel-english/english.ldf
Language: english 2017/06/06 v3.3r English support from the babel system
Package babel Info: \l@canadian = using hyphenrules for english
(babel)             (\language0) on input line 102.
Package babel Info: \l@australian = using hyphenrules for ukenglish
(babel)             (\language16) on input line 105.
Package babel Info: \l@newzealand = using hyphenrules for ukenglish
(babel)             (\language16) on input line 108.
)
(/usr/share/texmf/tex/generic/babel-russian/russianb.ldf
File: russianb.ldf 2021/01/10 1.3m Russian support for the Babel system
Language: russian 2020/09/09 1.3k Russian support for the Babel system
Package babel Info: Making " an active character on input line 124.
Package babel Info: Default for \cyrdash is provided on input line 163.
))
(/usr/share/texmf/tex/latex/geometry/geometry.sty
Package: geometry 2020/01/02 v5.9 Page Geometry

(/usr/share/texmf/tex/generic/iftex/ifvtex.sty
Package: ifvtex 2019/10/25 v1.7 ifvtex legacy package. Use iftex instead.

(/usr/share/texmf/tex/generic/iftex/iftex.sty
Package: iftex 2020/03/06 v1.0d TeX engine tests
))
\Gm@cnth=\count269
\Gm@cntv=\count270
\c@Gm@tempcnt=\count271
\Gm@bindingoffset=\dimen153
\Gm@wd@mp=\dimen154
\Gm@odd@mp=\dimen155
\Gm@even@mp=\dimen156
\Gm@layoutwidth=\dimen157
\Gm@layoutheight=\dimen158
\Gm@layouthoffset=\dimen159
\Gm@layoutvoffset=\dimen160
\Gm@dimlist=\toks32
)
(/usr/share/texmf/tex/latex/setspace/setspace.sty
Package: setspace 2011/12/19 v6.7a set line spacing
)
(/usr/share/texmf/tex/latex/minted/minted.sty
Package: minted 2017/07/19 v2.5 Yet another Pygments shim for LaTeX

(/usr/share/texmf/tex/latex/kvoptions/kvoptions.sty
Package: kvoptions 2020-10-07 v3.14 Key value format for package options (HO)

(/usr/share/texmf/tex/generic/ltxcmds/ltxcmds.sty
Package: ltxcmds 2020-05-10 v1.25 LaTeX kernel commands for general use (HO)
)
(/usr/share/texmf/tex/generic/kvsetkeys/kvsetkeys.sty
Package: kvsetkeys 2019/12/15 v1.18 Key value parser (HO)
))
(/usr/share/texmf/tex/latex/fvextra/fvextra.sty
Package: fvextra 2019/02/04 v1.4 fvextra - extensions and patches for fancyvrb

(/usr/share/texmf/tex/latex/base/ifthen.sty
Package: ifthen 2014/09/29 v1.1c Standard LaTeX ifthen package (DPC)
)
(/usr/share/texmf/tex/latex/etoolbox/etoolbox.sty
Package: etoolbox 2020/10/05 v2.5k e-TeX tools for LaTeX (JAW)
\etb@tempcnta=\count272
)
(/usr/share/texmf/tex/latex/fancyvrb/fancyvrb.sty
Package: fancyvrb 2021/01/20 v3.7 verbatim text (tvz,hv)
\FV@CodeLineNo=\count273
\FV@InFile=\read3
\FV@TabBox=\box52
\c@FancyVerbLine=\count274
\FV@StepNumber=\count275
\FV@OutFile=\write3
)
(/usr/share/texmf/tex/latex/upquote/upquote.sty
Package: upquote 2012/04/19 v1.3 upright-quote and grave-accent glyphs in verba
tim

(/usr/share/texmf/tex/latex/base/textcomp.sty
Package: textcomp 2020/02/02 v2.0n Standard LaTeX package
))
(/usr/share/texmf/tex/latex/lineno/lineno.sty
Package: lineno 2005/11/02 line numbers on paragraphs v4.41
\linenopenalty=\count276
\output=\toks33
\linenoprevgraf=\count277
\linenumbersep=\dimen161
\linenumberwidth=\dimen162
\c@linenumber=\count278
\c@pagewiselinenumber=\count279
\c@LN@truepage=\count280
\c@internallinenumber=\count281
\c@internallinenumbers=\count282
\quotelinenumbersep=\dimen163
\bframerule=\dimen164
\bframesep=\dimen165
\bframebox=\box53
LaTeX Info: Redefining \\ on input line 3056.
)
\c@FV@TrueTabGroupLevel=\count283
\c@FV@TrueTabCounter=\count284
\FV@TabBox@Group=\box54
\FV@TmpLength=\skip55
\c@FV@HighlightLinesStart=\count285
\c@FV@HighlightLinesStop=\count286
\FV@LoopCount=\count287
\FV@NCharsBox=\box55
\FV@BreakIndent=\dimen166
\FV@BreakIndentNChars=\count288
\FV@BreakSymbolSepLeft=\dimen167
\FV@BreakSymbolSepLeftNChars=\count289
\FV@BreakSymbolSepRight=\dimen168
\FV@BreakSymbolSepRightNChars=\count290
\FV@BreakSymbolIndentLeft=\dimen169
\FV@BreakSymbolIndentLeftNChars=\count291
\FV@BreakSymbolIndentRight=\dimen170
\FV@BreakSymbolIndentRightNChars=\count292
\c@FancyVerbLineBreakLast=\count293
\FV@LineBox=\box56
\FV@LineIndentBox=\box57
\FV@LineWidth=\dimen171
)
(/usr/share/texmf/tex/latex/tools/calc.sty
Package: calc 2017/05/25 v4.3 Infix arithmetic (KKT,FJ)
\calc@Acount=\count294
\calc@Bcount=\count295
\calc@Adimen=\dimen172
\calc@Bdimen=\dimen173
\calc@Askip=\skip56
\calc@Bskip=\skip57
LaTeX Info: Redefining \setlength on input line 80.
LaTeX Info: Redefining \addtolength on input line 81.
\calc@Ccount=\count296
\calc@Cskip=\skip58
)
(/usr/share/texmf/tex/latex/tools/shellesc.sty
Package: shellesc 2019/11/08 v1.0c unified shell escape interface for LaTeX
Package shellesc Info: Unrestricted shell escape enabled on input line 75.
)
(/usr/share/texmf/tex/latex/ifplatform/ifplatform.sty
Package: ifplatform 2017/10/13 v0.4a Testing for the operating system

(/usr/share/texmf/tex/generic/pdftexcmds/pdftexcmds.sty
Package: pdftexcmds 2020-06-27 v0.33 Utility functions of pdfTeX for LuaTeX (HO
)

(/usr/share/texmf/tex/generic/infwarerr/infwarerr.sty
Package: infwarerr 2019/12/03 v1.5 Providing info/warning/error messages (HO)
)
Package pdftexcmds Info: \pdf@primitive is available.
Package pdftexcmds Info: \pdf@ifprimitive is available.
Package pdftexcmds Info: \pdfdraftmode found.
)
(/usr/share/texmf/tex/generic/catchfile/catchfile.sty
Package: catchfile 2019/12/09 v1.8 Catch the contents of a file (HO)

(/usr/share/texmf/tex/generic/etexcmds/etexcmds.sty
Package: etexcmds 2019/12/15 v1.7 Avoid name clashes with e-TeX commands (HO)
))
(/usr/share/texmf/tex/generic/iftex/ifluatex.sty
Package: ifluatex 2019/10/25 v1.5 ifluatex legacy package. Use iftex instead.
)
runsystem(uname -s > "cfd_course_25.w18")...executed.

 (./cfd_course_25.w18)
runsystem(rm -- "cfd_course_25.w18")...executed.

)
(/usr/share/texmf/tex/generic/xstring/xstring.sty
(/usr/share/texmf/tex/generic/xstring/xstring.tex
\integerpart=\count297
\decimalpart=\count298
)
Package: xstring 2019/02/06 v1.83 String manipulations (CT)
)
(/usr/share/texmf/tex/latex/framed/framed.sty
Package: framed 2011/10/22 v 0.96: framed or shaded text with page breaks
\OuterFrameSep=\skip59
\fb@frw=\dimen174
\fb@frh=\dimen175
\FrameRule=\dimen176
\FrameSep=\dimen177
)
\minted@appexistsfile=\read4
\minted@bgbox=\box58
\minted@code=\write4
\c@minted@FancyVerbLineTemp=\count299
\c@minted@pygmentizecounter=\count300
\@float@every@listing=\toks34
\c@listing=\count301
)
runsystem(mkdir -p _minted-cfd_course_25)...executed.


(/usr/share/texmf/tex/latex/hyperref/hyperref.sty
Package: hyperref 2021-02-27 v7.00k Hypertext links for LaTeX

(/usr/share/texmf/tex/generic/kvdefinekeys/kvdefinekeys.sty
Package: kvdefinekeys 2019-12-19 v1.6 Define keys (HO)
)
(/usr/share/texmf/tex/generic/pdfescape/pdfescape.sty
Package: pdfescape 2019/12/09 v1.15 Implements pdfTeX's escape features (HO)
)
(/usr/share/texmf/tex/latex/hycolor/hycolor.sty
Package: hycolor 2020-01-27 v1.10 Color options for hyperref/bookmark (HO)
)
(/usr/share/texmf/tex/latex/letltxmacro/letltxmacro.sty
Package: letltxmacro 2019/12/03 v1.6 Let assignment for LaTeX macros (HO)
)
(/usr/share/texmf/tex/latex/auxhook/auxhook.sty
Package: auxhook 2019-12-17 v1.6 Hooks for auxiliary files (HO)
)
\@linkdim=\dimen178
\Hy@linkcounter=\count302
\Hy@pagecounter=\count303

(/usr/share/texmf/tex/latex/hyperref/pd1enc.def
File: pd1enc.def 2021-02-27 v7.00k Hyperref: PDFDocEncoding definition (HO)
Now handling font encoding PD1 ...
... no UTF-8 mapping file for font encoding PD1
)
(/usr/share/texmf/tex/latex/hyperref/hyperref-langpatches.def
File: hyperref-langpatches.def 2021-02-27 v7.00k Hyperref: patches for babel la
nguages
)
(/usr/share/texmf/tex/generic/intcalc/intcalc.sty
Package: intcalc 2019/12/15 v1.3 Expandable calculations with integers (HO)
)
\Hy@SavedSpaceFactor=\count304

(/usr/share/texmf/tex/latex/hyperref/puenc.def
File: puenc.def 2021-02-27 v7.00k Hyperref: PDF Unicode definition (HO)
Now handling font encoding PU ...
... no UTF-8 mapping file for font encoding PU
)
Package hyperref Info: Option `unicode' set `true' on input line 3167.
Package hyperref Info: Option `colorlinks' set `true' on input line 4073.
Package hyperref Info: Hyper figures OFF on input line 4192.
Package hyperref Info: Link nesting OFF on input line 4197.
Package hyperref Info: Hyper index ON on input line 4200.
Package hyperref Info: Plain pages OFF on input line 4207.
Package hyperref Info: Backreferencing OFF on input line 4212.
Package hyperref Info: Implicit mode ON; LaTeX internals redefined.
Package hyperref Info: Bookmarks ON on input line 4445.
\c@Hy@tempcnt=\count305

(/usr/share/texmf/tex/latex/url/url.sty
\Urlmuskip=\muskip17
Package: url 2013/09/16  ver 3.4  Verb mode for urls, etc.
)
LaTeX Info: Redefining \url on input line 4804.
\XeTeXLinkMargin=\dimen179

(/usr/share/texmf/tex/generic/bitset/bitset.sty
Package: bitset 2019/12/09 v1.3 Handle bit-vector datatype (HO)

(/usr/share/texmf/tex/generic/bigintcalc/bigintcalc.sty
Package: bigintcalc 2019/12/15 v1.5 Expandable calculations on big integers (HO
)
))
\Fld@menulength=\count306
\Field@Width=\dimen180
\Fld@charsize=\dimen181
Package hyperref Info: Hyper figures OFF on input line 6075.
Package hyperref Info: Link nesting OFF on input line 6080.
Package hyperref Info: Hyper index ON on input line 6083.
Package hyperref Info: backreferencing OFF on input line 6090.
Package hyperref Info: Link coloring ON on input line 6093.
Package hyperref Info: Link coloring with OCG OFF on input line 6100.
Package hyperref Info: PDF/A mode OFF on input line 6105.
LaTeX Info: Redefining \ref on input line 6145.
LaTeX Info: Redefining \pageref on input line 6149.

(/usr/share/texmf/tex/latex/base/atbegshi-ltx.sty
Package: atbegshi-ltx 2020/08/17 v1.0a Emulation of the original atbegshi packa
ge
with kernel methods
)
\Hy@abspage=\count307
\c@Item=\count308
\c@Hfootnote=\count309
)
Package hyperref Info: Driver (autodetected): hpdftex.

(/usr/share/texmf/tex/latex/hyperref/hpdftex.def
File: hpdftex.def 2021-02-27 v7.00k Hyperref driver for pdfTeX

(/usr/share/texmf/tex/latex/base/atveryend-ltx.sty
Package: atveryend-ltx 2020/08/19 v1.0a Emulation of the original atvery packag
e
with kernel methods
)
\Fld@listcount=\count310
\c@bookmark@seq@number=\count311

(/usr/share/texmf/tex/latex/rerunfilecheck/rerunfilecheck.sty
Package: rerunfilecheck 2019/12/05 v1.9 Rerun checks for auxiliary files (HO)

(/usr/share/texmf/tex/generic/uniquecounter/uniquecounter.sty
Package: uniquecounter 2019/12/15 v1.4 Provide unlimited unique counter (HO)
)
Package uniquecounter Info: New unique counter `rerunfilecheck' on input line 2
86.
)
\Hy@SectionHShift=\skip60
)
(/usr/share/texmf/tex/latex/oberdiek/hypcap.sty
Package: hypcap 2016/05/16 v1.12 Adjusting the anchors of captions (HO)
)
(/usr/share/texmf/tex/latex/makecell/makecell.sty
Package: makecell 2009/08/03 V0.1e Managing of Tab Column Heads and Cells

(/usr/share/texmf/tex/latex/tools/array.sty
Package: array 2020/10/01 v2.5c Tabular extension package (FMi)
\col@sep=\dimen182
\ar@mcellbox=\box59
\extrarowheight=\dimen183
\NC@list=\toks35
\extratabsurround=\skip61
\backup@length=\skip62
\ar@cellbox=\box60
)
\rotheadsize=\dimen184
\c@nlinenum=\count312
\TeXr@lab=\toks36
)
(/usr/share/texmf/tex/latex/cleveref/cleveref.sty
Package: cleveref 2018/03/27 v0.21.4 Intelligent cross-referencing
Package cleveref Info: `hyperref' support loaded on input line 2370.
LaTeX Info: Redefining \cref on input line 2370.
LaTeX Info: Redefining \Cref on input line 2370.
LaTeX Info: Redefining \crefrange on input line 2370.
LaTeX Info: Redefining \Crefrange on input line 2370.
LaTeX Info: Redefining \cpageref on input line 2370.
LaTeX Info: Redefining \Cpageref on input line 2370.
LaTeX Info: Redefining \cpagerefrange on input line 2370.
LaTeX Info: Redefining \Cpagerefrange on input line 2370.
LaTeX Info: Redefining \labelcref on input line 2370.
LaTeX Info: Redefining \labelcpageref on input line 2370.
Package cleveref Info: `amsthm' support loaded on input line 3026.
)
(/usr/share/texmf/tex/latex/xcolor/xcolor.sty
Package: xcolor 2016/05/11 v2.12 LaTeX color extensions (UK)

(/usr/share/texmf/tex/latex/graphics-cfg/color.cfg
File: color.cfg 2016/01/02 v1.6 sample color configuration
)
Package xcolor Info: Driver file: pdftex.def on input line 225.
Package xcolor Info: Model `cmy' substituted by `cmy0' on input line 1348.
Package xcolor Info: Model `hsb' substituted by `rgb' on input line 1352.
Package xcolor Info: Model `RGB' extended on input line 1364.
Package xcolor Info: Model `HTML' substituted by `rgb' on input line 1366.
Package xcolor Info: Model `Hsb' substituted by `hsb' on input line 1367.
Package xcolor Info: Model `tHsb' substituted by `hsb' on input line 1368.
Package xcolor Info: Model `HSB' substituted by `hsb' on input line 1369.
Package xcolor Info: Model `Gray' substituted by `gray' on input line 1370.
Package xcolor Info: Model `wave' substituted by `hsb' on input line 1371.
)
(/usr/share/texmf/tex/latex/mdframed/mdframed.sty
Package: mdframed 2013/07/01 1.9b: mdframed

(/usr/share/texmf/tex/latex/l3packages/xparse/xparse.sty
(/usr/share/texmf/tex/latex/l3kernel/expl3.sty
Package: expl3 2021-02-18 L3 programming layer (loader) 

(/usr/share/texmf/tex/latex/l3backend/l3backend-pdftex.def
File: l3backend-pdftex.def 2021-03-18 L3 backend support: PDF output (pdfTeX)
\l__color_backend_stack_int=\count313
\l__pdf_internal_box=\box61
))
(/usr/share/texmf/tex/latex/l3packages/xparse/xparse-2020-10-01.sty
(/usr/share/texmf/tex/latex/l3packages/xparse/xparse-generic.tex)))
(/usr/share/texmf/tex/latex/zref/zref-abspage.sty
Package: zref-abspage 2020-07-03 v2.32 Module abspage for zref (HO)

(/usr/share/texmf/tex/latex/zref/zref-base.sty
Package: zref-base 2020-07-03 v2.32 Module base for zref (HO)
Package zref Info: New property list: main on input line 764.
Package zref Info: New property: default on input line 765.
Package zref Info: New property: page on input line 766.
)
\c@abspage=\count314
Package zref Info: New property: abspage on input line 66.
)
(/usr/share/texmf/tex/latex/needspace/needspace.sty
Package: needspace 2010/09/12 v1.3d reserve vertical space
)
\mdf@templength=\skip63
\c@mdf@globalstyle@cnt=\count315
\mdf@skipabove@length=\skip64
\mdf@skipbelow@length=\skip65
\mdf@leftmargin@length=\skip66
\mdf@rightmargin@length=\skip67
\mdf@innerleftmargin@length=\skip68
\mdf@innerrightmargin@length=\skip69
\mdf@innertopmargin@length=\skip70
\mdf@innerbottommargin@length=\skip71
\mdf@splittopskip@length=\skip72
\mdf@splitbottomskip@length=\skip73
\mdf@outermargin@length=\skip74
\mdf@innermargin@length=\skip75
\mdf@linewidth@length=\skip76
\mdf@innerlinewidth@length=\skip77
\mdf@middlelinewidth@length=\skip78
\mdf@outerlinewidth@length=\skip79
\mdf@roundcorner@length=\skip80
\mdf@footenotedistance@length=\skip81
\mdf@userdefinedwidth@length=\skip82
\mdf@needspace@length=\skip83
\mdf@frametitleaboveskip@length=\skip84
\mdf@frametitlebelowskip@length=\skip85
\mdf@frametitlerulewidth@length=\skip86
\mdf@frametitleleftmargin@length=\skip87
\mdf@frametitlerightmargin@length=\skip88
\mdf@shadowsize@length=\skip89
\mdf@extratopheight@length=\skip90
\mdf@subtitleabovelinewidth@length=\skip91
\mdf@subtitlebelowlinewidth@length=\skip92
\mdf@subtitleaboveskip@length=\skip93
\mdf@subtitlebelowskip@length=\skip94
\mdf@subtitleinneraboveskip@length=\skip95
\mdf@subtitleinnerbelowskip@length=\skip96
\mdf@subsubtitleabovelinewidth@length=\skip97
\mdf@subsubtitlebelowlinewidth@length=\skip98
\mdf@subsubtitleaboveskip@length=\skip99
\mdf@subsubtitlebelowskip@length=\skip100
\mdf@subsubtitleinneraboveskip@length=\skip101
\mdf@subsubtitleinnerbelowskip@length=\skip102

(/usr/share/texmf/tex/latex/mdframed/md-frame-0.mdf
File: md-frame-0.mdf 2013/07/01\ 1.9b: md-frame-0
)
\mdf@frametitlebox=\box62
\mdf@footnotebox=\box63
\mdf@splitbox@one=\box64
\mdf@splitbox@two=\box65
\mdf@splitbox@save=\box66
\mdfsplitboxwidth=\skip103
\mdfsplitboxtotalwidth=\skip104
\mdfsplitboxheight=\skip105
\mdfsplitboxdepth=\skip106
\mdfsplitboxtotalheight=\skip107
\mdfframetitleboxwidth=\skip108
\mdfframetitleboxtotalwidth=\skip109
\mdfframetitleboxheight=\skip110
\mdfframetitleboxdepth=\skip111
\mdfframetitleboxtotalheight=\skip112
\mdffootnoteboxwidth=\skip113
\mdffootnoteboxtotalwidth=\skip114
\mdffootnoteboxheight=\skip115
\mdffootnoteboxdepth=\skip116
\mdffootnoteboxtotalheight=\skip117
\mdftotallinewidth=\skip118
\mdfboundingboxwidth=\skip119
\mdfboundingboxtotalwidth=\skip120
\mdfboundingboxheight=\skip121
\mdfboundingboxdepth=\skip122
\mdfboundingboxtotalheight=\skip123
\mdf@freevspace@length=\skip124
\mdf@horizontalwidthofbox@length=\skip125
\mdf@verticalmarginwhole@length=\skip126
\mdf@horizontalspaceofbox=\skip127
\mdfsubtitleheight=\skip128
\mdfsubsubtitleheight=\skip129
\c@mdfcountframes=\count316

****** mdframed patching \endmdf@trivlist

****** -- success******

\mdf@envdepth=\count317
\c@mdf@env@i=\count318
\c@mdf@env@ii=\count319
\c@mdf@zref@counter=\count320
Package zref Info: New property: mdf@pagevalue on input line 895.
)
(/usr/share/texmf/tex/latex/cancel/cancel.sty
Package: cancel 2013/04/12 v2.2 Cancel math terms
)
\@input{latex_defs.aux}
\openout2 = `latex_defs.aux'.

(./latex_defs.tex)
\@input{clisting.aux}
\openout2 = `clisting.aux'.

(./clisting.tex (/usr/share/texmf/tex/latex/pythontex/pythontex.sty
Package: pythontex 2019/09/22 v0.17 execute and typeset Python code and other l
anguages

(/usr/share/texmf/tex/latex/pgfopts/pgfopts.sty
Package: pgfopts 2014/07/10 v2.1a LaTeX package options with pgfkeys

(/usr/share/texmf/tex/latex/pgf/utilities/pgfkeys.sty
(/usr/share/texmf/tex/generic/pgf/utilities/pgfkeys.code.tex
\pgfkeys@pathtoks=\toks37
\pgfkeys@temptoks=\toks38

(/usr/share/texmf/tex/generic/pgf/utilities/pgfkeysfiltered.code.tex
\pgfkeys@tmptoks=\toks39
)))
\pgfopts@list@add@a@toks=\toks40
\pgfopts@list@add@b@toks=\toks41
)
(/usr/share/texmf/tex/latex/newfloat/newfloat.sty
Package: newfloat 2019/09/02 v1.1l Defining new floating environments (AR)
Package newfloat Info: `wrapfig' package detected.
)
(/usr/share/texmf/tex/latex/currfile/currfile.sty
Package: currfile 2020/09/29 v0.7d Provides the file path elements of the curre
nt input file

(/usr/share/texmf/tex/latex/filehook/filehook.sty
Package: filehook 2020/09/29 v0.8a Hooks for input files

(/usr/share/texmf/tex/latex/filehook/filehook-2020.sty
Package: filehook-2020 2020/09/29 v0.8a Hooks for input files
))
\c@currfiledepth=\count321
)
\pytx@codefile=\write5
\openout5 = `cfd_course_25.pytxcode'.

\c@pytx@FancyVerbLineTemp=\count322
\c@pytx@py@default@default=\count323
\c@pytx@pycon@default@default=\count324
\c@pytx@sympy@default@default=\count325
\c@pytx@sympycon@default@default=\count326
\c@pytx@pylab@default@default=\count327
\c@pytx@pylabcon@default@default=\count328
)
\c@pytx@py@default@default@line=\count329
)
\@input{sub3.aux}
\openout2 = `sub3.aux'.

(./sub3.tex (/usr/share/texmf/tex/latex/titlesec/titlesec.sty
Package: titlesec 2019/10/16 v2.13 Sectioning titles
\ttl@box=\box67
\beforetitleunit=\skip130
\aftertitleunit=\skip131
\ttl@plus=\dimen185
\ttl@minus=\dimen186
\ttl@toksa=\toks42
\titlewidth=\dimen187
\titlewidthlast=\dimen188
\titlewidthfirst=\dimen189
)
\c@subsubsubsection=\count330
)
runsystem(which pygmentize && touch cfd_course_25.aex)...executed.

runsystem(rm cfd_course_25.aex)...executed.


(./cfd_course_25.aux (./lect01.aux) (./eq-vectors.aux) (./eq-partint.aux)
(./eq-basis.aux) (./eq-geometry.aux) (./howto-build.aux) (./howto-git.aux)
(./howto-paraview.aux) (./howto-hybmesh.aux))
\openout1 = `cfd_course_25.aux'.

LaTeX Font Info:    Checking defaults for OML/cmm/m/it on input line 47.
LaTeX Font Info:    ... okay on input line 47.
LaTeX Font Info:    Checking defaults for OMS/cmsy/m/n on input line 47.
LaTeX Font Info:    ... okay on input line 47.
LaTeX Font Info:    Checking defaults for OT1/cmr/m/n on input line 47.
LaTeX Font Info:    ... okay on input line 47.
LaTeX Font Info:    Checking defaults for T1/cmr/m/n on input line 47.
LaTeX Font Info:    ... okay on input line 47.
LaTeX Font Info:    Checking defaults for TS1/cmr/m/n on input line 47.
LaTeX Font Info:    ... okay on input line 47.
LaTeX Font Info:    Checking defaults for OMX/cmex/m/n on input line 47.
LaTeX Font Info:    ... okay on input line 47.
LaTeX Font Info:    Checking defaults for U/cmr/m/n on input line 47.
LaTeX Font Info:    ... okay on input line 47.
LaTeX Font Info:    Checking defaults for T2A/cmr/m/n on input line 47.
LaTeX Font Info:    ... okay on input line 47.
LaTeX Font Info:    Checking defaults for PD1/pdf/m/n on input line 47.
LaTeX Font Info:    ... okay on input line 47.
LaTeX Font Info:    Checking defaults for PU/pdf/m/n on input line 47.
LaTeX Font Info:    ... okay on input line 47.

(/usr/share/texmf/tex/context/base/mkii/supp-pdf.mkii
[Loading MPS to PDF converter (version 2006.09.02).]
\scratchcounter=\count331
\scratchdimen=\dimen190
\scratchbox=\box68
\nofMPsegments=\count332
\nofMParguments=\count333
\everyMPshowfont=\toks43
\MPscratchCnt=\count334
\MPscratchDim=\dimen191
\MPnumerator=\count335
\makeMPintoPDFobject=\count336
\everyMPtoPDFconversion=\toks44
) (/usr/share/texmf/tex/latex/epstopdf-pkg/epstopdf-base.sty
Package: epstopdf-base 2020-01-24 v2.11 Base part for package epstopdf
Package epstopdf-base Info: Redefining graphics rule for `.eps' on input line 4
85.

(/usr/share/texmf/tex/latex/latexconfig/epstopdf-sys.cfg
File: epstopdf-sys.cfg 2010/07/13 v1.3 Configuration of (r)epstopdf for TeX Liv
e
))
LaTeX Info: Redefining \th on input line 47.

*geometry* driver: auto-detecting
*geometry* detected driver: pdftex
*geometry* verbose mode - [ preamble ] result:
* driver: pdftex
* paper: a4paper
* layout: <same size as paper>
* layoutoffset:(h,v)=(0.0pt,0.0pt)
* modes: 
* h-part:(L,W,R)=(28.45274pt, 540.60239pt, 28.45274pt)
* v-part:(T,H,B)=(28.45274pt, 759.6886pt, 56.9055pt)
* \paperwidth=597.50787pt
* \paperheight=845.04684pt
* \textwidth=540.60239pt
* \textheight=759.6886pt
* \oddsidemargin=-43.81725pt
* \evensidemargin=-43.81725pt
* \topmargin=-80.81725pt
* \headheight=12.0pt
* \headsep=25.0pt
* \topskip=12.0pt
* \footskip=30.0pt
* \marginparwidth=35.0pt
* \marginparsep=10.0pt
* \columnsep=10.0pt
* \skip\footins=10.8pt plus 4.0pt minus 2.0pt
* \hoffset=0.0pt
* \voffset=0.0pt
* \mag=1000
* \@twocolumnfalse
* \@twosidefalse
* \@mparswitchfalse
* \@reversemarginfalse
* (1in=72.27pt=25.4mm, 1cm=28.453pt)

Package hyperref Info: Link coloring ON on input line 47.
(/usr/share/texmf/tex/latex/hyperref/nameref.sty
Package: nameref 2021-04-02 v2.47 Cross-referencing by name of section

(/usr/share/texmf/tex/latex/refcount/refcount.sty
Package: refcount 2019/12/15 v3.6 Data extraction from label references (HO)
)
(/usr/share/texmf/tex/generic/gettitlestring/gettitlestring.sty
Package: gettitlestring 2019/12/15 v1.6 Cleanup title references (HO)
)
\c@section@level=\count337
)
LaTeX Info: Redefining \ref on input line 47.
LaTeX Info: Redefining \pageref on input line 47.
LaTeX Info: Redefining \nameref on input line 47.

(./cfd_course_25.out) (./cfd_course_25.out)
\@outlinefile=\write6
\openout6 = `cfd_course_25.out'.

Package newfloat Info: `float' package detected.

(./pythontex-files-cfd_course_25/cfd_course_25.pytxmcr)

Package PythonTeX Warning: A "listing" environment already exists 
(PythonTeX)                PythonTeX will not create one 
(PythonTeX)                Use \setpythontexlistingenv to create a custom listi
ng environment on input line 47.

(./pythontex-files-cfd_course_25/cfd_course_25.pytxpyg) (./cfd_course_25.toc
LaTeX Font Info:    Trying to load font information for U+msa on input line 4.

(/usr/share/texmf/tex/latex/amsfonts/umsa.fd
File: umsa.fd 2013/01/14 v3.01 AMS symbols A
)
LaTeX Font Info:    Trying to load font information for U+msb on input line 4.

(/usr/share/texmf/tex/latex/amsfonts/umsb.fd
File: umsb.fd 2013/01/14 v3.01 AMS symbols B
) [1










{/var/lib/texmf/fonts/map/pdftex/updmap/pdftex.map}])
\tf@toc=\write7
\openout7 = `cfd_course_25.toc'.

 [2]
\openout2 = `lect01.aux'.

 (./lect01.tex) [3

] [4


]
\openout2 = `eq-vectors.aux'.

 (./eq-vectors.tex [5

])
[6]
\openout2 = `eq-partint.aux'.

 (./eq-partint.tex
<../img//div1d.pdf, id=321, 399.24689pt x 193.25285pt>
File: ../img//div1d.pdf Graphic file (type pdf)
<use ../img//div1d.pdf>
Package pdftex.def Info: ../img//div1d.pdf  used on input line 19.
(pdftex.def)             Requested size: 324.36473pt x 157.0146pt.
 [7



 <../img//div1d.pdf>]) [8]
\openout2 = `eq-basis.aux'.

 (./eq-basis.tex [9



] [10]
<../img//basis1d_linear.pdf, id=387, 741.77126pt x 446.66875pt>
File: ../img//basis1d_linear.pdf Graphic file (type pdf)
<use ../img//basis1d_linear.pdf>
Package pdftex.def Info: ../img//basis1d_linear.pdf  used on input line 219.
(pdftex.def)             Requested size: 216.23764pt x 130.20535pt.

[11 <../img//basis1d_linear.pdf>]
<../img//basis1d_quadratic.pdf, id=398, 741.77126pt x 446.66875pt>
File: ../img//basis1d_quadratic.pdf Graphic file (type pdf)
<use ../img//basis1d_quadratic.pdf>
Package pdftex.def Info: ../img//basis1d_quadratic.pdf  used on input line 266.

(pdftex.def)             Requested size: 216.23764pt x 130.20535pt.
 [12 <../img//basis1d_quadratic.pdf>]
<../img//basis1d_cubic.pdf, id=408, 755.82375pt x 446.66875pt>
File: ../img//basis1d_cubic.pdf Graphic file (type pdf)
<use ../img//basis1d_cubic.pdf>
Package pdftex.def Info: ../img//basis1d_cubic.pdf  used on input line 320.
(pdftex.def)             Requested size: 216.23764pt x 127.78581pt.
<../img//basis1d_compare.pdf, id=410, 723.70375pt x 566.115pt>
File: ../img//basis1d_compare.pdf Graphic file (type pdf)
<use ../img//basis1d_compare.pdf>
Package pdftex.def Info: ../img//basis1d_compare.pdf  used on input line 332.
(pdftex.def)             Requested size: 216.23764pt x 169.15338pt.
<../img//triangle_basis_points.pdf, id=411, 1275.76625pt x 1119.18124pt>
File: ../img//triangle_basis_points.pdf Graphic file (type pdf)
<use ../img//triangle_basis_points.pdf>
Package pdftex.def Info: ../img//triangle_basis_points.pdf  used on input line 
342.
(pdftex.def)             Requested size: 270.3012pt x 237.11842pt.


LaTeX Warning: `!h' float specifier changed to `!ht'.

[13 <../img//basis1d_cubic.pdf> <../img//basis1d_compare.pdf>]
<../img//basis2d_linear.png, id=423, 375.65344pt x 374.14781pt>
File: ../img//basis2d_linear.png Graphic file (type png)
<use ../img//basis2d_linear.png>
Package pdftex.def Info: ../img//basis2d_linear.png  used on input line 385.
(pdftex.def)             Requested size: 216.23764pt x 215.3731pt.
 [14 <../img//triangle_basis_points.pdf> <../img//basis2d_linear.png>]
Overfull \hbox (14.90533pt too wide) detected at line 423
\OML/cmm/m/it/12 C \OT1/cmr/m/n/12 = []  \OMS/cmsy/m/n/12 )  \OML/cmm/m/it/12 A
 \OT1/cmr/m/n/12 = []
 []

<../img//basis2d_quadratic.png, id=786, 342.5297pt x 378.66469pt>
File: ../img//basis2d_quadratic.png Graphic file (type png)
<use ../img//basis2d_quadratic.png>
Package pdftex.def Info: ../img//basis2d_quadratic.png  used on input line 427.

(pdftex.def)             Requested size: 162.18236pt x 179.29558pt.
<../img//quadrangle_basis_points.pdf, id=787, 2320.67pt x 1283.79625pt>
File: ../img//quadrangle_basis_points.pdf Graphic file (type pdf)
<use ../img//quadrangle_basis_points.pdf>
Package pdftex.def Info: ../img//quadrangle_basis_points.pdf  used on input lin
e 441.
(pdftex.def)             Requested size: 378.42001pt x 209.32942pt.

LaTeX Warning: `!h' float specifier changed to `!ht'.

[15 <../img//basis2d_quadratic.png>]
<../img//basis2d_bilinear.png, id=798, 532.23843pt x 438.8897pt>
File: ../img//basis2d_bilinear.png Graphic file (type png)
<use ../img//basis2d_bilinear.png>
Package pdftex.def Info: ../img//basis2d_bilinear.png  used on input line 487.
(pdftex.def)             Requested size: 216.23764pt x 178.31189pt.


LaTeX Warning: `!h' float specifier changed to `!ht'.

[16 <../img//quadrangle_basis_points.pdf>]) [17 <../img//basis2d_bilinear.png>]
\openout2 = `eq-geometry.aux'.

(./eq-geometry.tex
<../img//dxideta.pdf, id=1505, 229.85875pt x 95.35625pt>
File: ../img//dxideta.pdf Graphic file (type pdf)
<use ../img//dxideta.pdf>
Package pdftex.def Info: ../img//dxideta.pdf  used on input line 48.
(pdftex.def)             Requested size: 324.36473pt x 134.57016pt.
 [18



 <../img//dxideta.pdf>] [19]
<../img//lintri_transform.pdf, id=1528, 229.85875pt x 95.35625pt>
File: ../img//lintri_transform.pdf Graphic file (type pdf)
<use ../img//lintri_transform.pdf>
Package pdftex.def Info: ../img//lintri_transform.pdf  used on input line 157.
(pdftex.def)             Requested size: 324.36473pt x 134.57016pt.
 [20 <../img//lintri_transform.pdf>]
<../img//bilinquad_transform.pdf, id=1669, 247.92625pt x 95.35625pt>
File: ../img//bilinquad_transform.pdf Graphic file (type pdf)
<use ../img//bilinquad_transform.pdf>
Package pdftex.def Info: ../img//bilinquad_transform.pdf  used on input line 22
0.
(pdftex.def)             Requested size: 324.36473pt x 124.7648pt.
<../img//polygon_area.pdf, id=1670, 2126.94624pt x 461.725pt>
File: ../img//polygon_area.pdf Graphic file (type pdf)
<use ../img//polygon_area.pdf>
Package pdftex.def Info: ../img//polygon_area.pdf  used on input line 234.
(pdftex.def)             Requested size: 378.42001pt x 82.14874pt.
 [21 <../img//bilinquad_transform.pdf> <../img//polygon_area.pdf

pdfTeX warning: pdflatex (file ../img//polygon_area.pdf): PDF inclusion: multip
le pdfs with page group included in a single page
>] [22] [23]) [24] [25


]
\openout2 = `howto-build.aux'.

 (./howto-build.tex
LaTeX Font Info:    Trying to load font information for T2A+cmtt on input line 
11.

(/usr/share/texmf/tex/latex/cyrillic/t2acmtt.fd
File: t2acmtt.fd 2001/08/11 v1.0a Computer Modern Cyrillic font definitions
)
Overfull \hbox (16.17488pt too wide) in paragraph at lines 16--18
[][][]$\T2A/cmtt/m/n/12 https : / / github . com / git-[]for-[]windows / git / 
releases / download / v2 . 43 . 0 . windows . 1 / Git-[]2 .
 []


Overfull \hbox (34.69536pt too wide) in paragraph at lines 18--19
[][][]$\T2A/cmtt/m/n/12 https : / / github . com / Kitware / CMake / releases /
 download / v3 . 28 . 3 / cmake-[]3 . 28 . 3-[]windows-[]x86 _
 []


Overfull \hbox (39.43233pt too wide) in paragraph at lines 31--36
[]\T2A/cmr/m/n/12 Возьмите необ-хо-ди-мые за-го-ло-воч-ные биб-лио-те-ки boost 
из [][]$\T2A/cmtt/m/n/12 https : / / disk . yandex . ru / d / GwTZUvfAqPsZBQ$[]
[]
 []

Package mdframed Info: mdframed detected package amsthm 
 changed the theorem header of amsthm
(mdframed)              on input line 42.
Package mdframed Info: mdframed detected package amsthm 
 changed the theorem header of amsthm
(mdframed)              on input line 48.
\openout4 = `cfd_course_25.pyg'.

(./_minted-cfd_course_25/default.pygstyle)
(./_minted-cfd_course_25/C62A699F8766347439B068491B4E680A6AD9D9E7D6C70123318B0D
BA7239B680.pygtex) [26

]
Package mdframed Info: mdframed detected package amsthm 
 changed the theorem header of amsthm
(mdframed)              on input line 69.
<../img//vs_solution_explorer.png, id=2052, 61.4295pt x 50.3481pt>
File: ../img//vs_solution_explorer.png Graphic file (type png)
<use ../img//vs_solution_explorer.png>
Package pdftex.def Info: ../img//vs_solution_explorer.png  used on input line 8
5.
(pdftex.def)             Requested size: 153.36986pt x 125.71779pt.
<../img//win_startup_project.png, id=2053, 356.0803pt x 229.60782pt>
File: ../img//win_startup_project.png Graphic file (type png)
<use ../img//win_startup_project.png>
Package pdftex.def Info: ../img//win_startup_project.png  used on input line 97
.
(pdftex.def)             Requested size: 255.61385pt x 164.8235pt.
 [27 <../img//vs_solution_explorer.png> <../img//win_startup_project.png (PNG c
opy)>]
<../img//vscode_launch_json.png, id=2063, 545.78906pt x 380.92313pt>
File: ../img//vscode_launch_json.png Graphic file (type png)
<use ../img//vscode_launch_json.png>
Package pdftex.def Info: ../img//vscode_launch_json.png  used on input line 130
.
(pdftex.def)             Requested size: 357.85782pt x 249.75931pt.
<../img//vscode_launch.png, id=2064, 639.89063pt x 261.22594pt>
File: ../img//vscode_launch.png Graphic file (type png)
<use ../img//vscode_launch.png>
Package pdftex.def Info: ../img//vscode_launch.png  used on input line 147.
(pdftex.def)             Requested size: 339.76312pt x 138.70418pt.
 [28 <../img//vscode_launch_json.png (PNG copy)>]
Package mdframed Info: mdframed detected package amsthm 
 changed the theorem header of amsthm
(mdframed)              on input line 152.
\openout4 = `cfd_course_25.pyg'.


(./_minted-cfd_course_25/BAC8737B5840D8981289D92A6B19BFA86AD9D9E7D6C70123318B0D
BA7239B680.pygtex)
\openout4 = `cfd_course_25.pyg'.


(./_minted-cfd_course_25/9E416C304496A9E0DC44DE95100E52CB6AD9D9E7D6C70123318B0D
BA7239B680.pygtex)
<../img//win_debug_args_1.png, id=2074, 327.47343pt x 422.32782pt>
File: ../img//win_debug_args_1.png Graphic file (type png)
<use ../img//win_debug_args_1.png>
Package pdftex.def Info: ../img//win_debug_args_1.png  used on input line 169.
(pdftex.def)             Requested size: 378.42001pt x 488.03178pt.
 [29 <../img//vscode_launch.png (PNG copy)>]
<../img//win_debug_args_2.png, id=2079, 512.66531pt x 342.5297pt>
File: ../img//win_debug_args_2.png Graphic file (type png)
<use ../img//win_debug_args_2.png>
Package pdftex.def Info: ../img//win_debug_args_2.png  used on input line 173.
(pdftex.def)             Requested size: 486.53883pt x 325.07732pt.
 [30 <../img//win_debug_args_1.png (PNG copy)>]
\openout4 = `cfd_course_25.pyg'.


(./_minted-cfd_course_25/A6907CEA5E9CF4A58B2FC0A7D54514FB6AD9D9E7D6C70123318B0D
BA7239B680.pygtex)
\openout4 = `cfd_course_25.pyg'.


(./_minted-cfd_course_25/D2CEE30012EC8F743A92E6A2F7D0B2D76AD9D9E7D6C70123318B0D
BA7239B680.pygtex)
Package mdframed Info: mdframed detected package amsthm 
 changed the theorem header of amsthm
(mdframed)              on input line 190.
<../img//release_build.png, id=2085, 179.92218pt x 72.27pt>
File: ../img//release_build.png Graphic file (type png)
<use ../img//release_build.png>
Package pdftex.def Info: ../img//release_build.png  used on input line 197.
(pdftex.def)             Requested size: 255.61385pt x 102.68143pt.
 [31 <../img//win_debug_args_2.png (PNG copy)> <../img//release_build.png (PNG 
copy)>]
<../img//release_build_2.png, id=2097, 417.05812pt x 105.39375pt>
File: ../img//release_build_2.png Graphic file (type png)
<use ../img//release_build_2.png>
Package pdftex.def Info: ../img//release_build_2.png  used on input line 212.
(pdftex.def)             Requested size: 255.61385pt x 64.59563pt.
) [32 <../img//release_build_2.png (PNG copy)>]
\openout2 = `howto-git.aux'.


(./howto-git.tex
Package mdframed Info: mdframed detected package amsthm 
 changed the theorem header of amsthm
(mdframed)              on input line 8.
Package mdframed Info: mdframed detected package amsthm 
 changed the theorem header of amsthm
(mdframed)              on input line 13.
Package mdframed Info: mdframed detected package amsthm 
 changed the theorem header of amsthm
(mdframed)              on input line 18.
Package mdframed Info: mdframed detected package amsthm 
 changed the theorem header of amsthm
(mdframed)              on input line 23.
Package mdframed Info: mdframed detected package amsthm 
 changed the theorem header of amsthm
(mdframed)              on input line 31.
Package mdframed Info: mdframed detected package amsthm 
 changed the theorem header of amsthm
(mdframed)              on input line 38.
Package mdframed Info: mdframed detected package amsthm 
 changed the theorem header of amsthm
(mdframed)              on input line 46.
Package mdframed Info: mdframed detected package amsthm 
 changed the theorem header of amsthm
(mdframed)              on input line 52.
Package mdframed Info: Not enough space on this page on input line 54.
 [33



]
Package mdframed Info: Not enough space on this page on input line 54.
Package mdframed Info: mdframed detected package amsthm 
 changed the theorem header of amsthm
(mdframed)              on input line 59.
Package mdframed Info: mdframed detected package amsthm 
 changed the theorem header of amsthm
(mdframed)              on input line 64.
Package mdframed Info: mdframed detected package amsthm 
 changed the theorem header of amsthm
(mdframed)              on input line 70.
Package mdframed Info: mdframed detected package amsthm 
 changed the theorem header of amsthm
(mdframed)              on input line 75.
Package mdframed Info: mdframed detected package amsthm 
 changed the theorem header of amsthm
(mdframed)              on input line 80.
Package mdframed Info: mdframed detected package amsthm 
 changed the theorem header of amsthm
(mdframed)              on input line 99.
Package mdframed Info: Not enough space on this page on input line 103.
 [34]
Package mdframed Info: Not enough space on this page on input line 103.
Package mdframed Info: mdframed detected package amsthm 
 changed the theorem header of amsthm
(mdframed)              on input line 106.
Package mdframed Info: mdframed detected package amsthm 
 changed the theorem header of amsthm
(mdframed)              on input line 115.
) [35]
\openout2 = `howto-paraview.aux'.

 (./howto-paraview.tex
<../img//howto_paraview_1d_1.png, id=2119, 476.53032pt x 338.01282pt>
File: ../img//howto_paraview_1d_1.png Graphic file (type png)
<use ../img//howto_paraview_1d_1.png>
Package pdftex.def Info: ../img//howto_paraview_1d_1.png  used on input line 9.

(pdftex.def)             Requested size: 270.3012pt x 191.74092pt.
<../img//howto_paraview_1d_2.png, id=2120, 390.70969pt x 67.0003pt>
File: ../img//howto_paraview_1d_2.png Graphic file (type png)
<use ../img//howto_paraview_1d_2.png>
Package pdftex.def Info: ../img//howto_paraview_1d_2.png  used on input line 13
.
(pdftex.def)             Requested size: 270.3012pt x 46.35394pt.
<../img//howto_paraview_1d_3.png, id=2121, 573.64313pt x 434.37282pt>
File: ../img//howto_paraview_1d_3.png Graphic file (type png)
<use ../img//howto_paraview_1d_3.png>
Package pdftex.def Info: ../img//howto_paraview_1d_3.png  used on input line 22
.
(pdftex.def)             Requested size: 270.3012pt x 204.67886pt.
 [36



 <../img//howto_paraview_1d_1.png (PNG copy)> <../img//howto_paraview_1d_2.png 
(PNG copy)> <../img//howto_paraview_1d_3.png (PNG copy)>]
<../img//howto_paraview_1d_4.png, id=2131, 563.10374pt x 603.75563pt>
File: ../img//howto_paraview_1d_4.png Graphic file (type png)
<use ../img//howto_paraview_1d_4.png>
Package pdftex.def Info: ../img//howto_paraview_1d_4.png  used on input line 33
.
(pdftex.def)             Requested size: 324.36473pt x 347.78323pt.
<../img//howto_paraview_1d_5.png, id=2132, 1196.21906pt x 618.81187pt>
File: ../img//howto_paraview_1d_5.png Graphic file (type png)
<use ../img//howto_paraview_1d_5.png>
Package pdftex.def Info: ../img//howto_paraview_1d_5.png  used on input line 47
.
(pdftex.def)             Requested size: 486.53883pt x 251.69386pt.
 [37 <../img//howto_paraview_1d_4.png (PNG copy)>]
<../img//howto_paraview_1d_6.png, id=2150, 775.39688pt x 472.01344pt>
File: ../img//howto_paraview_1d_6.png Graphic file (type png)
<use ../img//howto_paraview_1d_6.png>
Package pdftex.def Info: ../img//howto_paraview_1d_6.png  used on input line 55
.
(pdftex.def)             Requested size: 432.48355pt x 263.27419pt.
<../img//howto_paraview_1d_7.png, id=2151, 362.85562pt x 373.395pt>
File: ../img//howto_paraview_1d_7.png Graphic file (type png)
<use ../img//howto_paraview_1d_7.png>
Package pdftex.def Info: ../img//howto_paraview_1d_7.png  used on input line 63
.
(pdftex.def)             Requested size: 216.23764pt x 222.52318pt.
 [38 <../img//howto_paraview_1d_5.png (PNG copy)> <../img//howto_paraview_1d_6.
png (PNG copy)>]
<../img//howto_paraview_isolines_1.png, id=2158, 884.55469pt x 660.96938pt>
File: ../img//howto_paraview_isolines_1.png Graphic file (type png)
<use ../img//howto_paraview_isolines_1.png>
Package pdftex.def Info: ../img//howto_paraview_isolines_1.png  used on input l
ine 78.
(pdftex.def)             Requested size: 378.42001pt x 282.76906pt.
 [39 <../img//howto_paraview_1d_7.png (PNG copy)> <../img//howto_paraview_isoli
nes_1.png (PNG copy)>]
<../img//howto_paraview_isolines_2.png, id=2168, 890.5772pt x 488.57532pt>
File: ../img//howto_paraview_isolines_2.png Graphic file (type png)
<use ../img//howto_paraview_isolines_2.png>
Package pdftex.def Info: ../img//howto_paraview_isolines_2.png  used on input l
ine 86.
(pdftex.def)             Requested size: 378.42001pt x 207.60075pt.
<../img//howto_paraview_2d_as_3d.png, id=2170, 884.55469pt x 597.73312pt>
File: ../img//howto_paraview_2d_as_3d.png Graphic file (type png)
<use ../img//howto_paraview_2d_as_3d.png>
Package pdftex.def Info: ../img//howto_paraview_2d_as_3d.png  used on input lin
e 104.
(pdftex.def)             Requested size: 486.53883pt x 328.78159pt.
 [40 <../img//howto_paraview_isolines_2.png (PNG copy)>]
<../img//howto_paraview_show_labels.png, id=2182, 936.49875pt x 302.63063pt>
File: ../img//howto_paraview_show_labels.png Graphic file (type png)
<use ../img//howto_paraview_show_labels.png>
Package pdftex.def Info: ../img//howto_paraview_show_labels.png  used on input 
line 122.
(pdftex.def)             Requested size: 432.48355pt x 139.76129pt.
 [41 <../img//howto_paraview_2d_as_3d.png (PNG copy)> <../img//howto_paraview_s
how_labels.png (PNG copy)>]
<../img//glyph-1.png, id=2190, 530.73282pt x 536.75531pt>
File: ../img//glyph-1.png Graphic file (type png)
<use ../img//glyph-1.png>
Package pdftex.def Info: ../img//glyph-1.png  used on input line 140.
(pdftex.def)             Requested size: 324.36473pt x 328.0509pt.
<../img//glyph-2.png, id=2191, 501.37312pt x 335.75438pt>
File: ../img//glyph-2.png Graphic file (type png)
<use ../img//glyph-2.png>
Package pdftex.def Info: ../img//glyph-2.png  used on input line 150.
(pdftex.def)             Requested size: 216.23764pt x 144.80704pt.
 [42 <../img//glyph-1.png (PNG copy)> <../img//glyph-2.png (PNG copy)>]
<../img//glyph-3.png, id=2204, 502.12593pt x 400.49625pt>
File: ../img//glyph-3.png Graphic file (type png)
<use ../img//glyph-3.png>
Package pdftex.def Info: ../img//glyph-3.png  used on input line 163.
(pdftex.def)             Requested size: 324.36473pt x 258.72449pt.
<../img//glyph-4.png, id=2205, 733.99219pt x 484.05844pt>
File: ../img//glyph-4.png Graphic file (type png)
<use ../img//glyph-4.png>
Package pdftex.def Info: ../img//glyph-4.png  used on input line 172.
(pdftex.def)             Requested size: 324.36473pt x 213.91702pt.
 [43 <../img//glyph-3.png (PNG copy)> <../img//glyph-4.png (PNG copy)>]
<../img//howto_paraview_plot_over_line_1.png, id=2218, 465.23813pt x 457.71pt>
File: ../img//howto_paraview_plot_over_line_1.png Graphic file (type png)
<use ../img//howto_paraview_plot_over_line_1.png>
Package pdftex.def Info: ../img//howto_paraview_plot_over_line_1.png  used on i
nput line 193.
(pdftex.def)             Requested size: 216.23764pt x 212.73517pt.
<../img//howto_paraview_plot_over_line_3.png, id=2219, 289.08pt x 454.69875pt>
File: ../img//howto_paraview_plot_over_line_3.png Graphic file (type png)
<use ../img//howto_paraview_plot_over_line_3.png>
Package pdftex.def Info: ../img//howto_paraview_plot_over_line_3.png  used on i
nput line 206.
(pdftex.def)             Requested size: 108.11882pt x 170.06062pt.
<../img//howto_paraview_plot_over_line_2.png, id=2220, 429.10312pt x 454.69875p
t>
File: ../img//howto_paraview_plot_over_line_2.png Graphic file (type png)
<use ../img//howto_paraview_plot_over_line_2.png>
Package pdftex.def Info: ../img//howto_paraview_plot_over_line_2.png  used on i
nput line 208.
(pdftex.def)             Requested size: 162.18236pt x 171.8576pt.
<../img//howto_paraview_plot_over_line_4.png, id=2221, 258.9675pt x 136.25906pt
>
File: ../img//howto_paraview_plot_over_line_4.png Graphic file (type png)
<use ../img//howto_paraview_plot_over_line_4.png>
Package pdftex.def Info: ../img//howto_paraview_plot_over_line_4.png  used on i
nput line 221.
(pdftex.def)             Requested size: 108.11882pt x 56.88742pt.
<../img//howto_paraview_plot_over_line_5.png, id=2222, 243.15843pt x 265.74281p
t>
File: ../img//howto_paraview_plot_over_line_5.png Graphic file (type png)
<use ../img//howto_paraview_plot_over_line_5.png>
Package pdftex.def Info: ../img//howto_paraview_plot_over_line_5.png  used on i
nput line 223.
(pdftex.def)             Requested size: 162.18236pt x 177.24388pt.
<../img//howto_paraview_plot_over_line_6.png, id=2223, 283.81032pt x 170.13562p
t>
File: ../img//howto_paraview_plot_over_line_6.png Graphic file (type png)
<use ../img//howto_paraview_plot_over_line_6.png>
Package pdftex.def Info: ../img//howto_paraview_plot_over_line_6.png  used on i
nput line 225.
(pdftex.def)             Requested size: 162.18236pt x 97.22752pt.
 [44 <../img//howto_paraview_plot_over_line_1.png> <../img//howto_paraview_plot
_over_line_3.png (PNG copy)> <../img//howto_paraview_plot_over_line_2.png (PNG 
copy)>]) [45 <../img//howto_paraview_plot_over_line_4.png (PNG copy)> <../img//
howto_paraview_plot_over_line_5.png (PNG copy)> <../img//howto_paraview_plot_ov
er_line_6.png (PNG copy)>]
\openout2 = `howto-hybmesh.aux'.


(./howto-hybmesh.tex
Overfull \hbox (14.4003pt too wide) in paragraph at lines 9--12
\T2A/cmr/m/n/12 Инсталлятор про-грам-мы сле-ду-ет ска-чать по ссыл-ке [][]$\T2A
/cmtt/m/n/12 https : / / github . com / kalininei / HybMesh / releases$[][]
 []

Package mdframed Info: mdframed detected package amsthm 
 changed the theorem header of amsthm
(mdframed)              on input line 16.
Package mdframed Info: mdframed detected package amsthm 
 changed the theorem header of amsthm
(mdframed)              on input line 32.
Package mdframed Info: mdframed detected package amsthm 
 changed the theorem header of amsthm
(mdframed)              on input line 39.
\openout3 = `cfd_course_25.pyg'.


(./_minted-cfd_course_25/C52D9AAAD00F4DDDF7809D292E821D3C6AD9D9E7D6C70123318B0D
BA7239B680.pygtex)
\openout3 = `cfd_course_25.pyg'.


(./_minted-cfd_course_25/9EF7AC987AEBF3E743B8C68D56B4206A6AD9D9E7D6C70123318B0D
BA7239B680.pygtex) [46



]
Package mdframed Info: mdframed detected package amsthm 
 changed the theorem header of amsthm
(mdframed)              on input line 59.
\openout3 = `cfd_course_25.pyg'.


(./_minted-cfd_course_25/27CF08FB071F129F1C9ACFBBCA67D96AFB44CBAA93BB9A9ED2483F
17617E902A.pygtex
LaTeX Font Info:    Font shape `T2A/cmtt/bx/n' in size <12> not available
(Font)              Font shape `T2A/cmtt/m/n' tried instead on input line 2.
)
Package mdframed Info: mdframed detected package amsthm 
 changed the theorem header of amsthm
(mdframed)              on input line 78.
) [47] (./cfd_course_25.aux (./lect01.aux) (./eq-vectors.aux) (./eq-partint.aux
) (./eq-basis.aux) (./eq-geometry.aux) (./howto-build.aux)
(./howto-git.aux) (./howto-paraview.aux) (./howto-hybmesh.aux))
Package rerunfilecheck Info: File `cfd_course_25.out' has not changed.
(rerunfilecheck)             Checksum: 7D73E9E4417F6220DC76F265D5D0B46C;14308.
runsystem(rm cfd_course_25.pyg)...executed.

 ) 
Here is how much of TeX's memory you used:
 20423 strings out of 479515
 345623 string characters out of 5877293
 768288 words of memory out of 5000000
 37003 multiletter control sequences out of 15000+600000
 417435 words of font info for 64 fonts, out of 8000000 for 9000
 891 hyphenation exceptions out of 8191
 89i,16n,93p,634b,602s stack positions out of 5000i,500n,10000p,200000b,80000s
{/usr/share/texmf/fonts/enc/dvips/cm-super/cm-super-t2a.enc}{/usr/share/texmf
/fonts/enc/dvips/cm-super/cm-super-ts1.enc}</usr/share/texmf/fonts/type1/public
/amsfonts/cm/cmbx12.pfb></usr/share/texmf/fonts/type1/public/amsfonts/cm/cmex10
.pfb></usr/share/texmf/fonts/type1/public/amsfonts/cm/cmmi12.pfb></usr/share/te
xmf/fonts/type1/public/amsfonts/cm/cmmi6.pfb></usr/share/texmf/fonts/type1/publ
ic/amsfonts/cm/cmmi8.pfb></usr/share/texmf/fonts/type1/public/amsfonts/cm/cmmib
10.pfb></usr/share/texmf/fonts/type1/public/amsfonts/cm/cmr12.pfb></usr/share/t
exmf/fonts/type1/public/amsfonts/cm/cmr6.pfb></usr/share/texmf/fonts/type1/publ
ic/amsfonts/cm/cmr8.pfb></usr/share/texmf/fonts/type1/public/amsfonts/cm/cmsy10
.pfb></usr/share/texmf/fonts/type1/public/amsfonts/cm/cmsy8.pfb></usr/share/tex
mf/fonts/type1/public/lm/lmr10.pfb></usr/share/texmf/fonts/type1/public/lm/lmri
10.pfb></usr/share/texmf/fonts/type1/public/cm-super/sfbx1200.pfb></usr/share/t
exmf/fonts/type1/public/cm-super/sfbx1440.pfb></usr/share/texmf/fonts/type1/pub
lic/cm-super/sfbx1728.pfb></usr/share/texmf/fonts/type1/public/cm-super/sfit120
0.pfb></usr/share/texmf/fonts/type1/public/cm-super/sfrm1200.pfb></usr/share/te
xmf/fonts/type1/public/cm-super/sftt1200.pfb>
Output written on cfd_course_25.pdf (47 pages, 3457541 bytes).
PDF statistics:
 2374 PDF objects out of 2487 (max. 8388607)
 1752 compressed objects within 18 object streams
 256 named destinations out of 1000 (max. 500000)
 640 words of extra memory for PDF output out of 10000 (max. 10000000)

