\BOOKMARK [1][-]{section.1}{\376\377\004\033\004\065\004\072\004\106\004\070\004\117\000\040\0001\000\040\000\050\0000\0002\000.\0000\0009\000\051}{}% 1
\BOOKMARK [1][-]{appendix.A}{\376\377\004\044\004\076\004\100\004\074\004\103\004\073\004\113\000\040\004\070\000\040\004\076\004\061\004\076\004\067\004\075\004\060\004\107\004\065\004\075\004\070\004\117}{}% 2
\BOOKMARK [2][-]{subsection.A.1}{\376\377\004\022\004\065\004\072\004\102\004\076\004\100\004\113}{appendix.A}% 3
\BOOKMARK [3][-]{subsubsection.A.1.1}{\376\377\004\036\004\061\004\076\004\067\004\075\004\060\004\107\004\065\004\075\004\070\004\065}{subsection.A.1}% 4
\BOOKMARK [3][-]{subsubsection.A.1.2}{\376\377\004\035\004\060\004\061\004\073\004\060\040\023\004\075\004\076\004\102\004\060\004\106\004\070\004\117}{subsection.A.1}% 5
\BOOKMARK [2][-]{subsection.A.2}{\376\377\004\030\004\075\004\102\004\065\004\063\004\100\004\070\004\100\004\076\004\062\004\060\004\075\004\070\004\065}{appendix.A}% 6
\BOOKMARK [3][-]{subsubsection.A.2.1}{\376\377\004\044\004\076\004\100\004\074\004\103\004\073\004\060\000\040\004\023\004\060\004\103\004\101\004\101\004\060\040\023\004\036\004\101\004\102\004\100\004\076\004\063\004\100\004\060\004\064\004\101\004\072\004\076\004\063\004\076}{subsection.A.2}% 7
\BOOKMARK [3][-]{subsubsection.A.2.2}{\376\377\004\030\004\075\004\102\004\065\004\063\004\100\004\070\004\100\004\076\004\062\004\060\004\075\004\070\004\065\000\040\004\077\004\076\000\040\004\107\004\060\004\101\004\102\004\117\004\074}{subsection.A.2}% 8
\BOOKMARK [3][-]{subsubsection.A.2.3}{\376\377\004\047\004\070\004\101\004\073\004\065\004\075\004\075\004\076\004\065\000\040\004\070\004\075\004\102\004\065\004\063\004\100\004\070\004\100\004\076\004\062\004\060\004\075\004\070\004\065\000\040\004\062\000\040\004\067\004\060\004\064\004\060\004\075\004\075\004\076\004\071\000\040\004\076\004\061\004\073\004\060\004\101\004\102\004\070}{subsection.A.2}% 9
\BOOKMARK [2][-]{subsection.A.3}{\376\377\004\030\004\075\004\102\004\065\004\100\004\077\004\076\004\073\004\117\004\106\004\070\004\076\004\075\004\075\004\113\004\065\000\040\004\077\004\076\004\073\004\070\004\075\004\076\004\074\004\113}{appendix.A}% 10
\BOOKMARK [3][-]{subsubsection.A.3.1}{\376\377\004\034\004\075\004\076\004\063\004\076\004\107\004\073\004\065\004\075\000\040\004\033\004\060\004\063\004\100\004\060\004\075\004\066\004\060}{subsection.A.3}% 11
\BOOKMARK [4][-]{subsubsubsection.A.3.1.1}{\376\377\004\043\004\067\004\073\004\076\004\062\004\113\004\065\000\040\004\061\004\060\004\067\004\070\004\101\004\075\004\113\004\065\000\040\004\104\004\103\004\075\004\072\004\106\004\070\004\070}{subsubsection.A.3.1}% 12
\BOOKMARK [4][-]{subsubsubsection.A.3.1.2}{\376\377\004\030\004\075\004\102\004\065\004\100\004\077\004\076\004\073\004\117\004\106\004\070\004\117\000\040\004\062\000\040\004\077\004\060\004\100\004\060\004\074\004\065\004\102\004\100\004\070\004\107\004\065\004\101\004\072\004\076\004\074\000\040\004\076\004\102\004\100\004\065\004\067\004\072\004\065}{subsubsection.A.3.1}% 13
\BOOKMARK [4][-]{subsubsubsection.A.3.1.3}{\376\377\004\030\004\075\004\102\004\065\004\100\004\077\004\076\004\073\004\117\004\106\004\070\004\117\000\040\004\062\000\040\004\077\004\060\004\100\004\060\004\074\004\065\004\102\004\100\004\070\004\107\004\065\004\101\004\072\004\076\004\074\000\040\004\102\004\100\004\065\004\103\004\063\004\076\004\073\004\114\004\075\004\070\004\072\004\065}{subsubsection.A.3.1}% 14
\BOOKMARK [4][-]{subsubsubsection.A.3.1.4}{\376\377\004\030\004\075\004\102\004\065\004\100\004\077\004\076\004\073\004\117\004\106\004\070\004\117\000\040\004\062\000\040\004\077\004\060\004\100\004\060\004\074\004\065\004\102\004\100\004\070\004\107\004\065\004\101\004\072\004\076\004\074\000\040\004\072\004\062\004\060\004\064\004\100\004\060\004\102\004\065}{subsubsection.A.3.1}% 15
\BOOKMARK [2][-]{subsection.A.4}{\376\377\004\023\004\065\004\076\004\074\004\065\004\102\004\100\004\070\004\107\004\065\004\101\004\072\004\070\004\065\000\040\004\060\004\073\004\063\004\076\004\100\004\070\004\102\004\074\004\113}{appendix.A}% 16
\BOOKMARK [3][-]{subsubsection.A.4.1}{\376\377\004\037\004\100\004\065\004\076\004\061\004\100\004\060\004\067\004\076\004\062\004\060\004\075\004\070\004\065\000\040\004\072\004\076\004\076\004\100\004\064\004\070\004\075\004\060\004\102}{subsection.A.4}% 17
\BOOKMARK [4][-]{subsubsubsection.A.4.1.1}{\376\377\004\034\004\060\004\102\004\100\004\070\004\106\004\060\000\040\004\057\004\072\004\076\004\061\004\070}{subsubsection.A.4.1}% 18
\BOOKMARK [4][-]{subsubsubsection.A.4.1.2}{\376\377\004\024\004\070\004\104\004\104\004\065\004\100\004\065\004\075\004\106\004\070\004\100\004\076\004\062\004\060\004\075\004\070\004\065\000\040\004\062\000\040\004\077\004\060\004\100\004\060\004\074\004\065\004\102\004\100\004\070\004\107\004\065\004\101\004\072\004\076\004\071\000\040\004\077\004\073\004\076\004\101\004\072\004\076\004\101\004\102\004\070}{subsubsection.A.4.1}% 19
\BOOKMARK [4][-]{subsubsubsection.A.4.1.3}{\376\377\004\030\004\075\004\102\004\065\004\063\004\100\004\070\004\100\004\076\004\062\004\060\004\075\004\070\004\065\000\040\004\062\000\040\004\077\004\060\004\100\004\060\004\074\004\065\004\102\004\100\004\070\004\107\004\065\004\101\004\072\004\076\004\071\000\040\004\077\004\073\004\076\004\101\004\072\004\076\004\101\004\102\004\070}{subsubsection.A.4.1}% 20
\BOOKMARK [4][-]{subsubsubsection.A.4.1.4}{\376\377\004\024\004\062\004\103\004\074\004\065\004\100\004\075\004\076\004\065\000\040\004\073\004\070\004\075\004\065\004\071\004\075\004\076\004\065\000\040\004\077\004\100\004\065\004\076\004\061\004\100\004\060\004\067\004\076\004\062\004\060\004\075\004\070\004\065\000.\000\040\004\037\004\060\004\100\004\060\004\074\004\065\004\102\004\100\004\070\004\107\004\065\004\101\004\072\004\070\004\071\000\040\004\102\004\100\004\065\004\103\004\063\004\076\004\073\004\114\004\075\004\070\004\072}{subsubsection.A.4.1}% 21
\BOOKMARK [4][-]{subsubsubsection.A.4.1.5}{\376\377\004\024\004\062\004\103\004\074\004\065\004\100\004\075\004\076\004\065\000\040\004\061\004\070\004\073\004\070\004\075\004\065\004\071\004\075\004\076\004\065\000\040\004\077\004\100\004\065\004\076\004\061\004\100\004\060\004\067\004\076\004\062\004\060\004\075\004\070\004\065\000.\000\040\004\037\004\060\004\100\004\060\004\074\004\065\004\102\004\100\004\070\004\107\004\065\004\101\004\072\004\070\004\071\000\040\004\072\004\062\004\060\004\064\004\100\004\060\004\102}{subsubsection.A.4.1}% 22
\BOOKMARK [4][-]{subsubsubsection.A.4.1.6}{\376\377\004\042\004\100\004\121\004\105\004\074\004\065\004\100\004\075\004\076\004\065\000\040\004\073\004\070\004\075\004\065\004\071\004\075\004\076\004\065\000\040\004\077\004\100\004\065\004\076\004\061\004\100\004\060\004\067\004\076\004\062\004\060\004\075\004\070\004\065\000.\000\040\004\037\004\060\004\100\004\060\004\074\004\065\004\102\004\100\004\070\004\107\004\065\004\101\004\072\004\070\004\071\000\040\004\102\004\065\004\102\004\100\004\060\004\115\004\064\004\100}{subsubsection.A.4.1}% 23
\BOOKMARK [3][-]{subsubsection.A.4.2}{\376\377\004\041\004\062\004\076\004\071\004\101\004\102\004\062\004\060\000\040\004\074\004\075\004\076\004\063\004\076\004\103\004\063\004\076\004\073\004\114\004\075\004\070\004\072\004\060}{subsection.A.4}% 24
\BOOKMARK [4][-]{subsubsubsection.A.4.2.1}{\376\377\004\037\004\073\004\076\004\111\004\060\004\064\004\114\000\040\004\074\004\075\004\076\004\063\004\076\004\103\004\063\004\076\004\073\004\114\004\075\004\070\004\072\004\060}{subsubsection.A.4.2}% 25
\BOOKMARK [4][-]{subsubsubsection.A.4.2.2}{\376\377\004\030\004\075\004\102\004\065\004\063\004\100\004\060\004\073\000\040\004\077\004\076\000\040\004\074\004\075\004\076\004\063\004\076\004\103\004\063\004\076\004\073\004\114\004\075\004\070\004\072\004\103}{subsubsection.A.4.2}% 26
\BOOKMARK [4][-]{subsubsubsection.A.4.2.3}{\376\377\004\046\004\065\004\075\004\102\004\100\000\040\004\074\004\060\004\101\004\101\000\040\004\074\004\075\004\076\004\063\004\076\004\103\004\063\004\076\004\073\004\114\004\075\004\070\004\072\004\060}{subsubsection.A.4.2}% 27
\BOOKMARK [3][-]{subsubsection.A.4.3}{\376\377\004\041\004\062\004\076\004\071\004\101\004\102\004\062\004\060\000\040\004\074\004\075\004\076\004\063\004\076\004\063\004\100\004\060\004\075\004\075\004\070\004\072\004\060}{subsection.A.4}% 28
\BOOKMARK [4][-]{subsubsubsection.A.4.3.1}{\376\377\004\036\004\061\004\112\004\121\004\074\000\040\004\074\004\075\004\076\004\063\004\076\004\063\004\100\004\060\004\075\004\075\004\070\004\072\004\060}{subsubsection.A.4.3}% 29
\BOOKMARK [4][-]{subsubsubsection.A.4.3.2}{\376\377\004\030\004\075\004\102\004\065\004\063\004\100\004\060\004\073\000\040\004\077\004\076\000\040\004\074\004\075\004\076\004\063\004\076\004\063\004\100\004\060\004\075\004\075\004\070\004\072\004\103}{subsubsection.A.4.3}% 30
\BOOKMARK [4][-]{subsubsubsection.A.4.3.3}{\376\377\004\046\004\065\004\075\004\102\004\100\000\040\004\074\004\060\004\101\004\101\000\040\004\074\004\075\004\076\004\063\004\076\004\063\004\100\004\060\004\075\004\075\004\070\004\072\004\060}{subsubsection.A.4.3}% 31
\BOOKMARK [3][-]{subsubsection.A.4.4}{\376\377\004\037\004\076\004\070\004\101\004\072\000\040\004\074\004\075\004\076\004\063\004\076\004\103\004\063\004\076\004\073\004\114\004\075\004\070\004\072\004\060\000,\000\040\004\101\004\076\004\064\004\065\004\100\004\066\004\060\004\111\004\065\004\063\004\076\000\040\004\067\004\060\004\064\004\060\004\075\004\075\004\103\004\116\000\040\004\102\004\076\004\107\004\072\004\103}{subsection.A.4}% 32
\BOOKMARK [1][-]{appendix.B}{\376\377\004\040\004\060\004\061\004\076\004\102\004\060\000\040\004\101\000\040\004\070\004\075\004\104\004\100\004\060\004\101\004\102\004\100\004\103\004\072\004\102\004\103\004\100\004\076\004\071\000\040\004\077\004\100\004\076\004\065\004\072\004\102\004\060\000\040\000C\000F\000D\000C\000o\000u\000r\000s\000e}{}% 33
\BOOKMARK [2][-]{subsection.B.1}{\376\377\004\041\004\061\004\076\004\100\004\072\004\060\000\040\004\070\000\040\004\067\004\060\004\077\004\103\004\101\004\072}{appendix.B}% 34
\BOOKMARK [3][-]{subsubsection.B.1.1}{\376\377\004\041\004\061\004\076\004\100\004\072\004\060\000\040\004\077\004\100\004\076\004\065\004\072\004\102\004\060\000\040\000C\000F\000D\000C\000o\000u\000r\000s\000e}{subsection.B.1}% 35
\BOOKMARK [4][-]{subsubsubsection.B.1.1.1}{\376\377\004\037\004\076\004\064\004\063\004\076\004\102\004\076\004\062\004\072\004\060}{subsubsection.B.1.1}% 36
\BOOKMARK [4][-]{subsubsubsection.B.1.1.2}{\376\377\000V\000i\000s\000u\000a\000l\000S\000t\000u\000d\000i\000o}{subsubsection.B.1.1}% 37
\BOOKMARK [4][-]{subsubsubsection.B.1.1.3}{\376\377\000V\000S\000C\000o\000d\000e}{subsubsection.B.1.1}% 38
\BOOKMARK [3][-]{subsubsection.B.1.2}{\376\377\004\027\004\060\004\077\004\103\004\101\004\072\000\040\004\072\004\076\004\075\004\072\004\100\004\065\004\102\004\075\004\076\004\063\004\076\000\040\004\102\004\065\004\101\004\102\004\060}{subsection.B.1}% 39
\BOOKMARK [3][-]{subsubsection.B.1.3}{\376\377\004\041\004\061\004\076\004\100\004\072\004\060\000\040\004\100\004\065\004\073\004\070\004\067\004\075\004\076\004\071\000\040\004\062\004\065\004\100\004\101\004\070\004\070}{subsection.B.1}% 40
\BOOKMARK [2][-]{subsection.B.2}{\376\377\000G\000i\000t}{appendix.B}% 41
\BOOKMARK [3][-]{subsubsection.B.2.1}{\376\377\004\036\004\101\004\075\004\076\004\062\004\075\004\113\004\065\000\040\004\072\004\076\004\074\004\060\004\075\004\064\004\113}{subsection.B.2}% 42
\BOOKMARK [3][-]{subsubsection.B.2.2}{\376\377\004\037\004\076\004\100\004\117\004\064\004\076\004\072\000\040\004\100\004\060\004\061\004\076\004\102\004\113\000\040\004\101\000\040\004\100\004\065\004\077\004\076\004\067\004\070\004\102\004\076\004\100\004\070\004\065\004\074\000\040\000C\000F\000D\000C\000o\000u\000r\000s\000e}{subsection.B.2}% 43
\BOOKMARK [2][-]{subsection.B.3}{\376\377\000P\000a\000r\000a\000v\000i\000e\000w}{appendix.B}% 44
\BOOKMARK [3][-]{subsubsection.B.3.1}{\376\377\004\024\004\060\004\075\004\075\004\113\004\065\000\040\004\075\004\060\000\040\004\076\004\064\004\075\004\076\004\074\004\065\004\100\004\075\004\113\004\105\000\040\004\101\004\065\004\102\004\072\004\060\004\105}{subsection.B.3}% 45
\BOOKMARK [3][-]{subsubsection.B.3.2}{\376\377\004\030\004\067\004\076\004\073\004\070\004\075\004\070\004\070\000\040\004\064\004\073\004\117\000\040\004\064\004\062\004\103\004\074\004\065\004\100\004\075\004\076\004\063\004\076\000\040\004\077\004\076\004\073\004\117}{subsection.B.3}% 46
\BOOKMARK [3][-]{subsubsection.B.3.3}{\376\377\004\024\004\060\004\075\004\075\004\113\004\065\000\040\004\075\004\060\000\040\004\064\004\062\004\103\004\074\004\065\004\100\004\075\004\113\004\105\000\040\004\101\004\065\004\102\004\072\004\060\004\105\000\040\004\062\000\040\004\062\004\070\004\064\004\065\000\040\004\077\004\076\004\062\004\065\004\100\004\105\004\075\004\076\004\101\004\102\004\070}{subsection.B.3}% 47
\BOOKMARK [3][-]{subsubsection.B.3.4}{\376\377\004\047\004\070\004\101\004\073\004\076\004\062\004\113\004\105\000\040\004\067\004\075\004\060\004\107\004\065\004\075\004\070\004\117\000\040\004\062\000\040\004\102\004\076\004\107\004\072\004\060\004\105\000\040\004\070\000\040\004\117\004\107\004\065\004\071\004\072\004\060\004\105}{subsection.B.3}% 48
\BOOKMARK [3][-]{subsubsection.B.3.5}{\376\377\004\022\004\065\004\072\004\102\004\076\004\100\004\075\004\113\004\065\000\040\004\077\004\076\004\073\004\117}{subsection.B.3}% 49
\BOOKMARK [3][-]{subsubsection.B.3.6}{\376\377\004\027\004\075\004\060\004\107\004\065\004\075\004\070\004\065\000\040\004\104\004\103\004\075\004\072\004\106\004\070\004\070\000\040\004\062\004\064\004\076\004\073\004\114\000\040\004\073\004\070\004\075\004\070\004\070}{subsection.B.3}% 50
\BOOKMARK [2][-]{subsection.B.4}{\376\377\000H\000y\000b\000m\000e\000s\000h}{appendix.B}% 51
\BOOKMARK [3][-]{subsubsection.B.4.1}{\376\377\004\040\004\060\004\061\004\076\004\102\004\060\000\040\004\062\000\040\000W\000i\000n\000d\000o\000w\000s}{subsection.B.4}% 52
\BOOKMARK [3][-]{subsubsection.B.4.2}{\376\377\004\040\004\060\004\061\004\076\004\102\004\060\000\040\004\062\000\040\000L\000i\000n\000u\000x}{subsection.B.4}% 53
